<?xml version="1.0" encoding="UTF-8"?>
<!-- Generated by org.testng.reporters.JUnitReportReporter -->
<testsuite hostname="DESKTOP-L6AJ1SL" failures="0" tests="8" name="cucumberOptions.testRunner" time="745.363" errors="0" timestamp="2021-08-02T16:04:38 UYT" skipped="0">
  <testcase classname="cucumberOptions.testRunner" name="runScenario" time="65.708"/>
  <system-out/>
  <testcase classname="cucumberOptions.testRunner" name="runScenario" time="279.004"/>
  <system-out/>
  <testcase classname="cucumberOptions.testRunner" name="runScenario" time="71.046"/>
  <system-out/>
  <testcase classname="cucumberOptions.testRunner" name="runScenario" time="66.294"/>
  <system-out/>
  <testcase classname="cucumberOptions.testRunner" name="runScenario" time="69.036"/>
  <system-out/>
  <testcase classname="cucumberOptions.testRunner" name="runScenario" time="72.096"/>
  <system-out/>
  <testcase classname="cucumberOptions.testRunner" name="runScenario" time="51.857"/>
  <system-out/>
  <testcase classname="cucumberOptions.testRunner" name="runScenario" time="70.322"/>
  <system-out/>
</testsuite> <!-- cucumberOptions.testRunner -->
