<?xml version="1.0" encoding="UTF-8"?>
<!-- Generated by org.testng.reporters.JUnitReportReporter -->
<testsuite hostname="DESKTOP-L6AJ1SL" failures="0" tests="1" name="MauroC.SeleniumTest.NewContact" time="43.611" errors="0" timestamp="2021-07-30T15:46:33 UYT" skipped="0">
  <testcase classname="MauroC.SeleniumTest.NewContact" name="Contact" time="43.611"/>
  <system-out/>
</testsuite> <!-- MauroC.SeleniumTest.NewContact -->
