<?xml version="1.0" encoding="UTF-8"?>
<!-- Generated by org.testng.reporters.JUnitReportReporter -->
<testsuite hostname="DESKTOP-L6AJ1SL" failures="0" tests="1" name="MauroC.SeleniumTest.AccountAssert" time="47.439" errors="0" timestamp="2021-07-28T13:32:30 UYT" skipped="0">
  <testcase classname="MauroC.SeleniumTest.AccountAssert" name="accountfalse" time="47.439"/>
  <system-out/>
</testsuite> <!-- MauroC.SeleniumTest.AccountAssert -->
