<?xml version="1.0" encoding="UTF-8"?>
<!-- Generated by org.testng.reporters.JUnitReportReporter -->
<testsuite hostname="DESKTOP-L6AJ1SL" failures="0" tests="8" name="cucumberOptions.testRunner" time="1402.807" errors="0" timestamp="2021-07-30T15:41:23 UYT" skipped="0">
  <testcase classname="cucumberOptions.testRunner" name="runScenario" time="72.025"/>
  <system-out/>
  <testcase classname="cucumberOptions.testRunner" name="runScenario" time="923.399"/>
  <system-out/>
  <testcase classname="cucumberOptions.testRunner" name="runScenario" time="73.933"/>
  <system-out/>
  <testcase classname="cucumberOptions.testRunner" name="runScenario" time="71.327"/>
  <system-out/>
  <testcase classname="cucumberOptions.testRunner" name="runScenario" time="65.470"/>
  <system-out/>
  <testcase classname="cucumberOptions.testRunner" name="runScenario" time="66.332"/>
  <system-out/>
  <testcase classname="cucumberOptions.testRunner" name="runScenario" time="60.409"/>
  <system-out/>
  <testcase classname="cucumberOptions.testRunner" name="runScenario" time="69.912"/>
  <system-out/>
</testsuite> <!-- cucumberOptions.testRunner -->
