<?xml version="1.0" encoding="UTF-8"?>
<!-- Generated by org.testng.reporters.JUnitReportReporter -->
<testsuite hostname="DESKTOP-L6AJ1SL" failures="0" tests="1" name="MauroC.SeleniumTest.AccountEdit" time="31.285" errors="0" timestamp="2021-07-30T14:58:36 UYT" skipped="0">
  <testcase classname="MauroC.SeleniumTest.AccountEdit" name="editAccount" time="31.285"/>
  <system-out/>
</testsuite> <!-- MauroC.SeleniumTest.AccountEdit -->
